0 info it worked if it ends with ok
1 verbose cli [ 'C:\\Program Files\\nodejs\\node.exe',
1 verbose cli   'C:\\Program Files\\nodejs\\node_modules\\npm\\bin\\npm-cli.js',
1 verbose cli   'start' ]
2 info using npm@4.1.2
3 info using node@v7.7.3
4 verbose run-script [ 'prestart', 'start', 'poststart' ]
5 info lifecycle code-node@0.0.0~prestart: code-node@0.0.0
6 silly lifecycle code-node@0.0.0~prestart: no script for prestart, continuing
7 info lifecycle code-node@0.0.0~start: code-node@0.0.0
8 verbose lifecycle code-node@0.0.0~start: unsafe-perm in lifecycle true
9 verbose lifecycle code-node@0.0.0~start: PATH: C:\Program Files\nodejs\node_modules\npm\bin\node-gyp-bin;C:\Users\UTILISATEUR\Documents\Planizi\code-node\node_modules\.bin;C:\ProgramData\Oracle\Java\javapath;C:\WINDOWS\system32;C:\WINDOWS;C:\WINDOWS\System32\Wbem;C:\WINDOWS\System32\WindowsPowerShell\v1.0\;C:\Program Files\nodejs\;C:\Program Files (x86)\Brackets\command;E:\Matlab\bin;C:\Program Files\MATLAB\R2017b\runtime\win64;C:\Program Files\MATLAB\R2017b\bin;C:\WINDOWS\System32\OpenSSH\;C:\Program Files\MySQL\MySQL Server 5.7\bin;C:\Program Files\Apache Maven\apache-maven-3.5.4\bin;C:\Program Files\Apache Tomcat\apache-tomcat-8.5.34\bin;C:\Program Files\Java\jdk1.8.0_25\bin;C:\Program Files\Cmder\;C:\Program Files\Git\cmd;C:\Users\UTILISATEUR\AppData\Local\Programs\Python\Python36\Scripts\;C:\Users\UTILISATEUR\AppData\Local\Programs\Python\Python36\;C:\Users\UTILISATEUR\AppData\Local\Microsoft\WindowsApps;C:\Users\UTILISATEUR\AppData\Roaming\npm;
10 verbose lifecycle code-node@0.0.0~start: CWD: C:\Users\UTILISATEUR\Documents\Planizi\code-node
11 silly lifecycle code-node@0.0.0~start: Args: [ '/d /s /c', 'node ./bin/www' ]
12 silly lifecycle code-node@0.0.0~start: Returned: code: 1  signal: null
13 info lifecycle code-node@0.0.0~start: Failed to exec start script
14 verbose stack Error: code-node@0.0.0 start: `node ./bin/www`
14 verbose stack Exit status 1
14 verbose stack     at EventEmitter.<anonymous> (C:\Program Files\nodejs\node_modules\npm\lib\utils\lifecycle.js:279:16)
14 verbose stack     at emitTwo (events.js:106:13)
14 verbose stack     at EventEmitter.emit (events.js:194:7)
14 verbose stack     at ChildProcess.<anonymous> (C:\Program Files\nodejs\node_modules\npm\lib\utils\spawn.js:40:14)
14 verbose stack     at emitTwo (events.js:106:13)
14 verbose stack     at ChildProcess.emit (events.js:194:7)
14 verbose stack     at maybeClose (internal/child_process.js:899:16)
14 verbose stack     at Process.ChildProcess._handle.onexit (internal/child_process.js:226:5)
15 verbose pkgid code-node@0.0.0
16 verbose cwd C:\Users\UTILISATEUR\Documents\Planizi\code-node
17 error Windows_NT 10.0.17134
18 error argv "C:\\Program Files\\nodejs\\node.exe" "C:\\Program Files\\nodejs\\node_modules\\npm\\bin\\npm-cli.js" "start"
19 error node v7.7.3
20 error npm  v4.1.2
21 error code ELIFECYCLE
22 error code-node@0.0.0 start: `node ./bin/www`
22 error Exit status 1
23 error Failed at the code-node@0.0.0 start script 'node ./bin/www'.
23 error Make sure you have the latest version of node.js and npm installed.
23 error If you do, this is most likely a problem with the code-node package,
23 error not with npm itself.
23 error Tell the author that this fails on your system:
23 error     node ./bin/www
23 error You can get information on how to open an issue for this project with:
23 error     npm bugs code-node
23 error Or if that isn't available, you can get their info via:
23 error     npm owner ls code-node
23 error There is likely additional logging output above.
24 verbose exit [ 1, true ]
